<?xml version="1.0" encoding="UTF-8"?>
<testsuites name="Test Suite1" time="7" tests="1" failures="0" errors="0">
   <testsuite name="Test Suite1" tests="1" failures="0" errors="0" time="7" timestamp="2019-03-27 20:08:05" hostname="Nick - Nick-HP" id="Test Suites/Test Suite1">
      <properties>
         <property name="deviceName" value=""/>
         <property name="devicePlatform" value=""/>
         <property name="logFolder" value="C:\\Users\\Nick\\git\\TestProject\\Reports\\Test Suite1\\20190327_200801"/>
         <property name="logFiles" value="C:\\Users\\Nick\\git\\TestProject\\Reports\\Test Suite1\\20190327_200801\\execution0.log, C:\\Users\\Nick\\git\\TestProject\\Reports\\Test Suite1\\20190327_200801\\IEDriverServer.log"/>
         <property name="attachments" value=""/>
         <property name="hostName" value="Nick - Nick-HP"/>
         <property name="os" value="Windows 10 64bit"/>
         <property name="katalonVersion" value="6.1.0.1"/>
         <property name="browser" value="IE 11"/>
         <property name="hostAddress" value="192.168.0.4"/>
         <property name="sessionId" value="5bc39e4b-b553-4f01-b332-6c915fe8dbf5"/>
         <property name="seleniumVersion" value="3.7.1"/>
         <property name="proxyInformation" value="ProxyInformation{proxyOption=NO_PROXY, proxyServerType=HTTP, password=, proxyServerAddress=, proxyServerPort=0}"/>
         <property name="platform" value="Windows 10"/>
      </properties>
      <testcase name="Test Cases/Login_TC1" classname="Test Cases/Login_TC1" status="PASSED">
         <system-out><![CDATA[2019-03-27 20:08:06 - [TEST_CASE][PASSED] - Test Cases/Login_TC1: Test Cases/Login_TC1

2019-03-27 20:08:07 - [TEST_STEP][PASSED] - openBrowser(""): Browser is opened with url: ''

2019-03-27 20:08:08 - [MESSAGE][INFO] - Starting 'IE' driver

2019-03-27 20:08:08 - [MESSAGE][INFO] - Action delay is set to 0 seconds

2019-03-27 20:08:11 - [MESSAGE][PASSED] - Browser is opened with url: ''

2019-03-27 20:08:11 - [TEST_STEP][PASSED] - navigateToUrl("https://secure.hmce.gov.uk/is2/"): Navigate to 'https://secure.hmce.gov.uk/is2/' successfully

2019-03-27 20:08:12 - [MESSAGE][PASSED] - Navigate to 'https://secure.hmce.gov.uk/is2/' successfully]]></system-out>
         <system-err><![CDATA[]]></system-err>
      </testcase>
      <system-out><![CDATA[2019-03-27 20:08:05 - [TEST_SUITE][PASSED] - Test Suite1: Test Cases/Login_TC1]]></system-out>
      <system-err><![CDATA[]]></system-err>
   </testsuite>
</testsuites>
